{
  "RSpec": {
    "coverage": {
      "/Users/cynicman2001/railsapps/contact-manager/config/environment.rb": [
        null,
        1,
        null,
        null,
        1
      ],
      "/Users/cynicman2001/railsapps/contact-manager/config/application.rb": [
        1,
        null,
        1,
        null,
        null,
        null,
        1,
        null,
        1,
        1,
        null,
        null,
        null,
        null,
        null,
        null,
        null,
        null,
        null,
        null,
        null,
        null,
        null
      ],
      "/Users/cynicman2001/railsapps/contact-manager/config/boot.rb": [
        null,
        1,
        null,
        1
      ],
      "/Users/cynicman2001/railsapps/contact-manager/config/environments/test.rb": [
        1,
        null,
        null,
        null,
        null,
        null,
        null,
        1,
        null,
        null,
        null,
        null,
        1,
        null,
        null,
        1,
        1,
        null,
        null,
        1,
        1,
        null,
        null,
        1,
        null,
        null,
        1,
        null,
        null,
        null,
        null,
        1,
        null,
        null,
        1,
        null,
        null,
        null,
        null
      ],
      "/Users/cynicman2001/railsapps/contact-manager/config/initializers/backtrace_silencers.rb": [
        null,
        null,
        null,
        null,
        null,
        null,
        null
      ],
      "/Users/cynicman2001/railsapps/contact-manager/config/initializers/cookies_serializer.rb": [
        null,
        null,
        1
      ],
      "/Users/cynicman2001/railsapps/contact-manager/config/initializers/filter_parameter_logging.rb": [
        null,
        null,
        null,
        1
      ],
      "/Users/cynicman2001/railsapps/contact-manager/config/initializers/inflections.rb": [
        null,
        null,
        null,
        null,
        null,
        null,
        null,
        null,
        null,
        null,
        null,
        null,
        null,
        null,
        null,
        null
      ],
      "/Users/cynicman2001/railsapps/contact-manager/config/initializers/mime_types.rb": [
        null,
        null,
        null,
        null
      ],
      "/Users/cynicman2001/railsapps/contact-manager/config/initializers/session_store.rb": [
        null,
        null,
        1
      ],
      "/Users/cynicman2001/railsapps/contact-manager/config/initializers/wrap_parameters.rb": [
        null,
        null,
        null,
        null,
        null,
        null,
        1,
        1,
        null,
        null,
        null,
        null,
        null,
        null
      ],
      "/Users/cynicman2001/railsapps/contact-manager/spec/factories/contacts.rb": [
        null,
        null,
        1,
        1,
        null,
        79,
        79,
        79,
        79,
        79,
        79,
        79,
        79,
        79,
        79,
        null,
        null,
        null
      ],
      "/Users/cynicman2001/railsapps/contact-manager/config/routes.rb": [
        1,
        null,
        null,
        null,
        null,
        null,
        null,
        null,
        null,
        null,
        null,
        null,
        null,
        null,
        1,
        null,
        1,
        1,
        null,
        null,
        null,
        null,
        null,
        null,
        null,
        null,
        null,
        null,
        null,
        null,
        null,
        null,
        null,
        null,
        null,
        null,
        null,
        null,
        null,
        null,
        null,
        null,
        null,
        null,
        null,
        null,
        null,
        null,
        null,
        null,
        null,
        null,
        null,
        null,
        null,
        null,
        null,
        null,
        null,
        null
      ],
      "/Users/cynicman2001/railsapps/contact-manager/app/helpers/application_helper.rb": [
        1,
        null
      ],
      "/Users/cynicman2001/railsapps/contact-manager/app/helpers/contacts_helper.rb": [
        1,
        null
      ],
      "/Users/cynicman2001/railsapps/contact-manager/app/controllers/contacts_controller.rb": [
        1,
        null,
        1,
        23,
        null,
        null,
        null,
        23,
        null,
        null,
        null,
        1,
        7,
        7,
        null,
        null,
        null,
        1,
        10,
        null,
        null,
        null,
        1,
        12,
        null,
        12,
        null,
        3,
        3,
        null,
        9,
        null,
        null,
        9,
        null,
        null,
        null,
        1,
        3,
        3,
        null,
        null,
        null,
        3,
        null,
        2,
        2,
        null,
        1,
        null,
        null,
        1,
        null,
        null,
        null,
        1,
        4,
        4,
        4,
        4,
        null,
        null,
        1,
        2,
        null,
        null,
        1,
        2,
        2,
        null,
        null,
        null,
        null,
        1,
        null,
        1,
        17,
        null,
        null,
        null,
        null,
        null,
        null,
        null
      ],
      "/Users/cynicman2001/railsapps/contact-manager/app/controllers/application_controller.rb": [
        1,
        null,
        null,
        1,
        null
      ],
      "/Users/cynicman2001/railsapps/contact-manager/spec/features/contacts/create_spec.rb": [
        1,
        null,
        null,
        1,
        null,
        1,
        7,
        7,
        null,
        null,
        null,
        1,
        null,
        1,
        1,
        1,
        1,
        1,
        1,
        null,
        1,
        null,
        null,
        1,
        null,
        1,
        1,
        1,
        1,
        1,
        1,
        1,
        1,
        null,
        null,
        null,
        1,
        null,
        1,
        1,
        1,
        1,
        1,
        1,
        1,
        null,
        1,
        1,
        null,
        null,
        null,
        1,
        null,
        1,
        1,
        1,
        1,
        null,
        1,
        1,
        1,
        null,
        null,
        1,
        null,
        1,
        1,
        1,
        1,
        null,
        1,
        1,
        1,
        null,
        null,
        null,
        null,
        1,
        null,
        1,
        1,
        1,
        1,
        1,
        1,
        null,
        null,
        1,
        1,
        null,
        null,
        null,
        1,
        null,
        1,
        1,
        1,
        1,
        1,
        1,
        1,
        1,
        1,
        null,
        null,
        null,
        null
      ],
      "/Users/cynicman2001/railsapps/contact-manager/spec/features/contacts/delete_spec.rb": [
        null,
        1,
        null,
        null,
        null,
        1,
        4,
        null,
        null,
        null,
        1,
        1,
        1,
        null,
        1,
        1,
        1,
        null,
        null,
        null,
        1,
        1,
        null,
        1,
        1,
        null,
        null,
        1,
        1,
        1,
        null,
        1,
        1,
        1,
        null,
        null,
        null,
        1,
        1,
        1,
        0,
        0,
        0,
        null,
        null,
        1,
        1,
        1,
        null,
        1,
        1,
        1,
        null,
        null,
        null,
        1,
        1,
        1,
        0,
        0,
        null,
        null,
        null
      ],
      "/Users/cynicman2001/railsapps/contact-manager/spec/features/contacts/edit_spec.rb": [
        null,
        1,
        null,
        null,
        1,
        null,
        null,
        null,
        1,
        1,
        1,
        null,
        1,
        1,
        1,
        null,
        null,
        1,
        1,
        1,
        1,
        1,
        null,
        null,
        1,
        null,
        1,
        1,
        1,
        null,
        null,
        null,
        1,
        1,
        1,
        1,
        null,
        1,
        1,
        1,
        1,
        null,
        null,
        1,
        1,
        1,
        1,
        1,
        null,
        null,
        1,
        1,
        1,
        null,
        1,
        1,
        null,
        null,
        null,
        null,
        null
      ],
      "/Users/cynicman2001/railsapps/contact-manager/spec/features/contacts/index_spec.rb": [
        1,
        null,
        null,
        1,
        82,
        null,
        null,
        1,
        1,
        1,
        1,
        null,
        1,
        1,
        1,
        null,
        null,
        null,
        1,
        1,
        1,
        1,
        1,
        1,
        1,
        null,
        null,
        null,
        null,
        null,
        null,
        null,
        null,
        null,
        null,
        null
      ],
      "/Users/cynicman2001/railsapps/contact-manager/spec/features/contacts/search_spec.rb": [
        null,
        null,
        null,
        null,
        null,
        null,
        null,
        null,
        null,
        null,
        null,
        null,
        null,
        null,
        null,
        null,
        null
      ],
      "/Users/cynicman2001/railsapps/contact-manager/spec/models/contacts_spec.rb": [
        1,
        null,
        null,
        1,
        null,
        1,
        22,
        22,
        null,
        null,
        null,
        1,
        null,
        1,
        1,
        null,
        null,
        null,
        1,
        null,
        1,
        1,
        null,
        null,
        null,
        null,
        1,
        null,
        1,
        1,
        1,
        null,
        1,
        null,
        null,
        1,
        null,
        1,
        1,
        1,
        1,
        null,
        null,
        null,
        null,
        1,
        1,
        1,
        1,
        1,
        null,
        null,
        1,
        null,
        1,
        1,
        1,
        null,
        null,
        1,
        1,
        1,
        1,
        1,
        null,
        null,
        1,
        1,
        1,
        1,
        null,
        null,
        1,
        1,
        1,
        1,
        1,
        null,
        null,
        null,
        1,
        1,
        1,
        1,
        1,
        null,
        null,
        null,
        null,
        1,
        1,
        1,
        null,
        1,
        1,
        null,
        null,
        1,
        1,
        1,
        1,
        1,
        null,
        null,
        1,
        1,
        1,
        1,
        1,
        null,
        null,
        1,
        1,
        1,
        1,
        1,
        null,
        null,
        1,
        1,
        1,
        1,
        1,
        null,
        null,
        1,
        1,
        1,
        1,
        1,
        null,
        null,
        null,
        1,
        1,
        1,
        1,
        1,
        null,
        null,
        1,
        1,
        1,
        1,
        1,
        null,
        1,
        1,
        1,
        1,
        1,
        null,
        null,
        null,
        1,
        1,
        1,
        1,
        1,
        null,
        null,
        1,
        1,
        1,
        1,
        1,
        null,
        null,
        1,
        1,
        1,
        1,
        1,
        null,
        null,
        null,
        null,
        null,
        null,
        null
      ],
      "/Users/cynicman2001/railsapps/contact-manager/app/models/contact.rb": [
        1,
        null,
        1,
        null,
        null,
        null,
        null,
        1,
        null,
        null,
        1,
        null,
        null,
        null,
        1,
        null,
        null,
        null,
        null,
        null,
        null,
        null,
        1,
        null,
        1,
        null,
        1,
        null,
        null,
        null,
        null,
        1,
        null,
        1,
        null,
        null,
        null,
        null,
        null,
        null,
        null,
        null,
        null,
        null,
        null,
        null,
        null,
        null
      ],
      "/Users/cynicman2001/railsapps/contact-manager/spec/views/contacts/edit_spec.rb": [

      ],
      "/Users/cynicman2001/railsapps/contact-manager/spec/views/contacts/index_spec.rb": [

      ],
      "/Users/cynicman2001/railsapps/contact-manager/spec/views/contacts/new_spec.rb": [

      ],
      "/Users/cynicman2001/railsapps/contact-manager/spec/views/contacts/show_spec.rb": [

      ]
    },
    "timestamp": 1407267502
  }
}
